<?xml version="1.0" encoding="UTF-8"?>
<!-- Generated by org.testng.reporters.JUnitXMLReporter -->
<testsuite ignored="0" hostname="DESKTOP-QH61F7B" failures="0" tests="3" name="Test" time="15.6" errors="0" timestamp="2020-09-30T20:42:51 CEST">
  <testcase classname="main.HomePage" name="basePageNavigation" time="5.708"/>
  <testcase classname="main.HomePage" name="basePageNavigation" time="4.914"/>
  <testcase classname="main.HomePage" name="basePageNavigation" time="4.951"/>
</testsuite> <!-- Test -->
